⚠️ [MISSING] MISSING_VERIFY_CODE
   Client: 192.168.8.1:20287
   Time: 2025-10-07 20:09:56
   Message: MESSAGE sip:sichereleitung.duckdns.org SIP/2.0
From: <sip:godzilla@192.168.8.161>
To: <sip:sichereleitung.duckdns.org>
Content-Type: application/json
Content-Length: 168

{"MESSAGE_TYPE":"UNKNOWN","TIMESTAMP":1759860596,"VERSION":"2.0","type":"get_servers","requester_type":"client","client_nam...
==================================================
⚠️ [MISSING] MISSING_VERIFY_CODE
   Client: 192.168.8.1:11281
   Time: 2025-10-07 20:10:00
   Message: MESSAGE sip:sichereleitung.duckdns.org SIP/2.0
From: <sip:godzilla@192.168.8.161>
To: <sip:sichereleitung.duckdns.org>
Content-Type: application/json
Content-Length: 168

{"MESSAGE_TYPE":"UNKNOWN","TIMESTAMP":1759860600,"VERSION":"2.0","type":"get_servers","requester_type":"client","client_nam...
==================================================
⚠️ [MISSING] MISSING_VERIFY_CODE
   Client: 192.168.8.1:49242
   Time: 2025-10-07 20:26:11
   Message: MESSAGE sip:sichereleitung.duckdns.org SIP/2.0
From: <sip:kingkong@192.168.8.166>
To: <sip:sichereleitung.duckdns.org>
Content-Type: application/json
Content-Length: 189

{"MESSAGE_TYPE":"UNKNOWN","TIMESTAMP":1759861571,"VERSION":"2.0","type":"get_servers","requester_type":"client","client_nam...
==================================================
⚠️ [MISSING] MISSING_VERIFY_CODE
   Client: 192.168.8.1:34694
   Time: 2025-10-07 20:26:11
   Message: MESSAGE sip:sichereleitung.duckdns.org SIP/2.0
From: <sip:kingkong@192.168.8.166>
To: <sip:sichereleitung.duckdns.org>
Content-Type: application/json
Content-Length: 189

{"MESSAGE_TYPE":"UNKNOWN","TIMESTAMP":1759861571,"VERSION":"2.0","type":"get_servers","requester_type":"client","client_nam...
==================================================
⚠️ [MISSING] MISSING_VERIFY_CODE
   Client: 192.168.8.1:49686
   Time: 2025-10-07 20:30:37
   Message: MESSAGE sip:sichereleitung.duckdns.org SIP/2.0
From: <sip:kingkong@192.168.8.166>
To: <sip:sichereleitung.duckdns.org>
Content-Type: application/json
Content-Length: 90

{"MESSAGE_TYPE":"PING","TIMESTAMP":1759861836,"VERSION":"2.0","CLIENT_NAME":"ping_tester"}...
==================================================
⚠️ [MISSING] MISSING_VERIFY_CODE
   Client: 192.168.8.1:51812
   Time: 2025-10-07 20:30:37
   Message: MESSAGE sip:sichereleitung.duckdns.org SIP/2.0
From: <sip:kingkong@192.168.8.166>
To: <sip:sichereleitung.duckdns.org>
Content-Type: application/json
Content-Length: 90

{"MESSAGE_TYPE":"PING","TIMESTAMP":1759861837,"VERSION":"2.0","CLIENT_NAME":"ping_tester"}...
==================================================
⚠️ [MISSING] MISSING_VERIFY_CODE
   Client: 192.168.8.1:58840
   Time: 2025-10-07 20:43:04
   Message: MESSAGE sip:sichereleitung.duckdns.org SIP/2.0
From: <sip:kingkong@192.168.8.166>
To: <sip:sichereleitung.duckdns.org>
Content-Type: application/json
Content-Length: 90

{"MESSAGE_TYPE":"PING","TIMESTAMP":1759862584,"VERSION":"2.0","CLIENT_NAME":"ping_tester"}...
==================================================
⚠️ [MISSING] MISSING_VERIFY_CODE
   Client: 192.168.8.1:39350
   Time: 2025-10-07 20:43:04
   Message: MESSAGE sip:sichereleitung.duckdns.org SIP/2.0
From: <sip:kingkong@192.168.8.166>
To: <sip:sichereleitung.duckdns.org>
Content-Type: application/json
Content-Length: 90

{"MESSAGE_TYPE":"PING","TIMESTAMP":1759862584,"VERSION":"2.0","CLIENT_NAME":"ping_tester"}...
==================================================
❌ [INVALID] INVALID_VERIFY_CODE
   Client: 192.168.8.1:41160
   Code: 1bb7
   Time: 2025-10-07 21:24:43
   Message: MESSAGE sip:sichereleitung.duckdns.org SIP/2.0
From: <sip:kingkong@192.168.8.166>
To: <sip:sichereleitung.duckdns.org>
Verify-Code: 1bb7
Verify-Code: 2785
Content-Type: application/json
Content-Length: 168

{"MESSAGE_TYPE":"UNKNOWN","TIMESTAMP":1759865083,"VERSION":"2.0","type":"get_servers"...
==================================================
❌ [INVALID] INVALID_VERIFY_CODE
   Client: 192.168.8.1:46172
   Code: c26e
   Time: 2025-10-07 21:24:43
   Message: MESSAGE sip:sichereleitung.duckdns.org SIP/2.0
From: <sip:kingkong@192.168.8.166>
To: <sip:sichereleitung.duckdns.org>
Verify-Code: c26e
Verify-Code: 11ea
Content-Type: application/json
Content-Length: 168

{"MESSAGE_TYPE":"UNKNOWN","TIMESTAMP":1759865083,"VERSION":"2.0","type":"get_servers"...
==================================================
❌ [INVALID] INVALID_VERIFY_CODE
   Client: 192.168.8.1:46176
   Code: 87d8
   Time: 2025-10-07 21:24:43
   Message: REGISTER sip:sichereleitung.duckdns.org:5061 SIP/2.0
From: <sip:kingkong@192.168.8.166>
To: <sip:sichereleitung.duckdns.org:5061>
Verify-Code: 87d8
Content-Type: application/json
Content-Length: 919

{"MESSAGE_TYPE":"REGISTER","TIMESTAMP":1759865083,"VERSION":"2.0","CLIENT_NAME":"kingkong","P...
==================================================
❌ [INVALID] INVALID_VERIFY_CODE
   Client: 192.168.8.1:46548
   Code: 1bb7
   Time: 2025-10-07 21:25:05
   Message: MESSAGE sip:sichereleitung.duckdns.org SIP/2.0
From: <sip:kingkong@192.168.8.166>
To: <sip:sichereleitung.duckdns.org>
Verify-Code: 1bb7
Verify-Code: 2785
Content-Type: application/json
Content-Length: 168

{"MESSAGE_TYPE":"UNKNOWN","TIMESTAMP":1759865105,"VERSION":"2.0","type":"get_servers"...
==================================================
❌ [INVALID] INVALID_VERIFY_CODE
   Client: 192.168.8.1:55048
   Code: c26e
   Time: 2025-10-07 21:25:05
   Message: MESSAGE sip:sichereleitung.duckdns.org SIP/2.0
From: <sip:kingkong@192.168.8.166>
To: <sip:sichereleitung.duckdns.org>
Verify-Code: c26e
Verify-Code: 11ea
Content-Type: application/json
Content-Length: 168

{"MESSAGE_TYPE":"UNKNOWN","TIMESTAMP":1759865105,"VERSION":"2.0","type":"get_servers"...
==================================================
❌ [INVALID] INVALID_VERIFY_CODE
   Client: 192.168.8.1:55064
   Code: 87d8
   Time: 2025-10-07 21:25:05
   Message: REGISTER sip:sichereleitung.duckdns.org:5061 SIP/2.0
From: <sip:kingkong@192.168.8.166>
To: <sip:sichereleitung.duckdns.org:5061>
Verify-Code: 87d8
Content-Type: application/json
Content-Length: 919

{"MESSAGE_TYPE":"REGISTER","TIMESTAMP":1759865105,"VERSION":"2.0","CLIENT_NAME":"kingkong","P...
==================================================
